2025-07-24 11:22:49 - PHP Warning:  chmod(): Operation not permitted in /var/www/html/system/storage/vendor/twig/twig/src/Cache/FilesystemCache.php on line 62
2025-07-24 11:22:52 - PHP Warning:  chmod(): Operation not permitted in /var/www/html/system/storage/vendor/twig/twig/src/Cache/FilesystemCache.php on line 62
2025-07-24 11:22:53 - PHP Warning:  chmod(): Operation not permitted in /var/www/html/system/storage/vendor/twig/twig/src/Cache/FilesystemCache.php on line 62
2025-07-24 11:22:53 - PHP Warning:  chmod(): Operation not permitted in /var/www/html/system/storage/vendor/twig/twig/src/Cache/FilesystemCache.php on line 62
2025-07-24 11:47:29 - PHP Warning:  chmod(): Operation not permitted in /var/www/html/system/storage/vendor/twig/twig/src/Cache/FilesystemCache.php on line 62
2025-07-24 11:54:45 - PHP Warning:  chmod(): Operation not permitted in /var/www/html/system/storage/vendor/twig/twig/src/Cache/FilesystemCache.php on line 62
2025-07-24 11:56:06 - PHP Warning:  chmod(): Operation not permitted in /var/www/html/system/storage/vendor/twig/twig/src/Cache/FilesystemCache.php on line 62
2025-07-24 11:56:06 - PHP Warning:  chmod(): Operation not permitted in /var/www/html/system/storage/vendor/twig/twig/src/Cache/FilesystemCache.php on line 62
2025-07-24 11:56:06 - PHP Warning:  chmod(): Operation not permitted in /var/www/html/system/storage/vendor/twig/twig/src/Cache/FilesystemCache.php on line 62
2025-07-24 11:56:06 - PHP Warning:  chmod(): Operation not permitted in /var/www/html/system/storage/vendor/twig/twig/src/Cache/FilesystemCache.php on line 62
2025-07-24 11:56:06 - PHP Warning:  chmod(): Operation not permitted in /var/www/html/system/storage/vendor/twig/twig/src/Cache/FilesystemCache.php on line 62
2025-07-24 11:56:06 - PHP Warning:  chmod(): Operation not permitted in /var/www/html/system/storage/vendor/twig/twig/src/Cache/FilesystemCache.php on line 62
2025-07-24 11:56:07 - PHP Warning:  chmod(): Operation not permitted in /var/www/html/system/storage/vendor/twig/twig/src/Cache/FilesystemCache.php on line 62
2025-07-24 11:56:07 - PHP Warning:  chmod(): Operation not permitted in /var/www/html/system/storage/vendor/twig/twig/src/Cache/FilesystemCache.php on line 62
2025-07-24 11:56:07 - PHP Warning:  chmod(): Operation not permitted in /var/www/html/system/storage/vendor/twig/twig/src/Cache/FilesystemCache.php on line 62
2025-07-24 11:56:07 - PHP Warning:  chmod(): Operation not permitted in /var/www/html/system/storage/vendor/twig/twig/src/Cache/FilesystemCache.php on line 62
2025-07-24 11:56:07 - PHP Warning:  chmod(): Operation not permitted in /var/www/html/system/storage/vendor/twig/twig/src/Cache/FilesystemCache.php on line 62
2025-07-24 11:56:07 - PHP Warning:  chmod(): Operation not permitted in /var/www/html/system/storage/vendor/twig/twig/src/Cache/FilesystemCache.php on line 62
2025-07-24 11:56:07 - PHP Warning:  chmod(): Operation not permitted in /var/www/html/system/storage/vendor/twig/twig/src/Cache/FilesystemCache.php on line 62
2025-07-24 11:56:08 - PHP Warning:  chmod(): Operation not permitted in /var/www/html/system/storage/vendor/twig/twig/src/Cache/FilesystemCache.php on line 62
2025-07-24 11:56:08 - PHP Warning:  chmod(): Operation not permitted in /var/www/html/system/storage/vendor/twig/twig/src/Cache/FilesystemCache.php on line 62
2025-07-24 12:00:18 - PHP Warning:  chmod(): Operation not permitted in /var/www/html/system/storage/vendor/twig/twig/src/Cache/FilesystemCache.php on line 62
2025-07-24 12:00:19 - PHP Warning:  chmod(): Operation not permitted in /var/www/html/system/storage/vendor/twig/twig/src/Cache/FilesystemCache.php on line 62
2025-07-25 02:25:26 - PHP Warning:  chmod(): Operation not permitted in /var/www/html/system/storage/vendor/twig/twig/src/Cache/FilesystemCache.php on line 62
2025-07-25 02:25:27 - PHP Warning:  chmod(): Operation not permitted in /var/www/html/system/storage/vendor/twig/twig/src/Cache/FilesystemCache.php on line 62
2025-07-25 02:55:04 - PHP Warning:  chmod(): Operation not permitted in /var/www/html/system/storage/vendor/twig/twig/src/Cache/FilesystemCache.php on line 62
2025-07-25 03:01:06 - PHP Warning:  chmod(): Operation not permitted in /var/www/html/system/storage/vendor/twig/twig/src/Cache/FilesystemCache.php on line 62
2025-07-25 03:01:36 - PHP Warning:  chmod(): Operation not permitted in /var/www/html/system/storage/vendor/twig/twig/src/Cache/FilesystemCache.php on line 62
2025-07-25 05:02:30 - PHP Warning:  chmod(): Operation not permitted in /var/www/html/system/storage/vendor/twig/twig/src/Cache/FilesystemCache.php on line 62
2025-07-25 05:02:30 - PHP Warning:  chmod(): Operation not permitted in /var/www/html/system/storage/vendor/twig/twig/src/Cache/FilesystemCache.php on line 62
2025-07-25 05:02:30 - PHP Warning:  chmod(): Operation not permitted in /var/www/html/system/storage/vendor/twig/twig/src/Cache/FilesystemCache.php on line 62
2025-07-25 05:04:00 - PHP Warning:  chmod(): Operation not permitted in /var/www/html/system/storage/vendor/twig/twig/src/Cache/FilesystemCache.php on line 62
2025-07-25 05:04:01 - PHP Warning:  chmod(): Operation not permitted in /var/www/html/system/storage/vendor/twig/twig/src/Cache/FilesystemCache.php on line 62
2025-07-25 05:04:01 - PHP Warning:  chmod(): Operation not permitted in /var/www/html/system/storage/vendor/twig/twig/src/Cache/FilesystemCache.php on line 62
2025-07-25 05:04:01 - PHP Warning:  chmod(): Operation not permitted in /var/www/html/system/storage/vendor/twig/twig/src/Cache/FilesystemCache.php on line 62
2025-07-25 05:04:01 - PHP Warning:  chmod(): Operation not permitted in /var/www/html/system/storage/vendor/twig/twig/src/Cache/FilesystemCache.php on line 62
2025-07-25 05:04:01 - PHP Warning:  chmod(): Operation not permitted in /var/www/html/system/storage/vendor/twig/twig/src/Cache/FilesystemCache.php on line 62
2025-07-25 05:04:01 - PHP Warning:  chmod(): Operation not permitted in /var/www/html/system/storage/vendor/twig/twig/src/Cache/FilesystemCache.php on line 62
2025-07-25 05:04:01 - PHP Warning:  chmod(): Operation not permitted in /var/www/html/system/storage/vendor/twig/twig/src/Cache/FilesystemCache.php on line 62
2025-07-25 05:04:01 - PHP Warning:  chmod(): Operation not permitted in /var/www/html/system/storage/vendor/twig/twig/src/Cache/FilesystemCache.php on line 62
2025-07-25 05:04:01 - PHP Warning:  chmod(): Operation not permitted in /var/www/html/system/storage/vendor/twig/twig/src/Cache/FilesystemCache.php on line 62
2025-07-25 05:04:01 - PHP Warning:  chmod(): Operation not permitted in /var/www/html/system/storage/vendor/twig/twig/src/Cache/FilesystemCache.php on line 62
2025-07-25 05:04:02 - PHP Warning:  chmod(): Operation not permitted in /var/www/html/system/storage/vendor/twig/twig/src/Cache/FilesystemCache.php on line 62
2025-07-25 05:04:02 - PHP Warning:  chmod(): Operation not permitted in /var/www/html/system/storage/vendor/twig/twig/src/Cache/FilesystemCache.php on line 62
2025-07-25 05:04:28 - PHP Warning:  chmod(): Operation not permitted in /var/www/html/system/storage/vendor/twig/twig/src/Cache/FilesystemCache.php on line 62
2025-07-25 05:04:28 - PHP Warning:  chmod(): Operation not permitted in /var/www/html/system/storage/vendor/twig/twig/src/Cache/FilesystemCache.php on line 62
2025-07-25 05:59:59 - PHP Warning:  mkdir(): Permission denied in /var/www/html/admin/controller/common/security.php on line 257
2025-07-25 05:59:59 - PHP Warning:  mkdir(): No such file or directory in /var/www/html/admin/controller/common/security.php on line 283
2025-07-25 05:59:59 - PHP Warning:  mkdir(): No such file or directory in /var/www/html/admin/controller/common/security.php on line 283
2025-07-25 05:59:59 - PHP Warning:  mkdir(): No such file or directory in /var/www/html/admin/controller/common/security.php on line 283
2025-07-25 05:59:59 - PHP Warning:  mkdir(): No such file or directory in /var/www/html/admin/controller/common/security.php on line 283
2025-07-25 05:59:59 - PHP Warning:  mkdir(): No such file or directory in /var/www/html/admin/controller/common/security.php on line 283
2025-07-25 05:59:59 - PHP Warning:  mkdir(): No such file or directory in /var/www/html/admin/controller/common/security.php on line 283
2025-07-25 05:59:59 - PHP Warning:  mkdir(): No such file or directory in /var/www/html/admin/controller/common/security.php on line 283
2025-07-25 05:59:59 - PHP Warning:  mkdir(): No such file or directory in /var/www/html/admin/controller/common/security.php on line 283
2025-07-25 05:59:59 - PHP Warning:  mkdir(): No such file or directory in /var/www/html/admin/controller/common/security.php on line 283
2025-07-25 05:59:59 - PHP Warning:  copy(/var/www/storage/backup/index.html): Failed to open stream: No such file or directory in /var/www/html/admin/controller/common/security.php on line 288
2025-07-25 05:59:59 - PHP Warning:  mkdir(): No such file or directory in /var/www/html/admin/controller/common/security.php on line 283
2025-07-25 05:59:59 - PHP Warning:  copy(/var/www/storage/cache/cache.currency.c5c18028d03262f0feeb2bf646fb83f1.1753426018): Failed to open stream: No such file or directory in /var/www/html/admin/controller/common/security.php on line 288
2025-07-25 05:59:59 - PHP Warning:  mkdir(): No such file or directory in /var/www/html/admin/controller/common/security.php on line 283
2025-07-25 05:59:59 - PHP Warning:  copy(/var/www/storage/cache/cache.information.6872327ecc679a163f79f98950419698.1753426019): Failed to open stream: No such file or directory in /var/www/html/admin/controller/common/security.php on line 288
2025-07-25 05:59:59 - PHP Warning:  mkdir(): No such file or directory in /var/www/html/admin/controller/common/security.php on line 283
2025-07-25 05:59:59 - PHP Warning:  copy(/var/www/storage/cache/cache.language.4ab6fc1e6e1e7fd0d80be63206cc592f.1753426018): Failed to open stream: No such file or directory in /var/www/html/admin/controller/common/security.php on line 288
2025-07-25 05:59:59 - PHP Warning:  mkdir(): No such file or directory in /var/www/html/admin/controller/common/security.php on line 283
2025-07-25 05:59:59 - PHP Warning:  copy(/var/www/storage/cache/cache.language.7fa80dd4fa95bfff83bda8543f986b65.1753423350): Failed to open stream: No such file or directory in /var/www/html/admin/controller/common/security.php on line 288
2025-07-25 05:59:59 - PHP Warning:  mkdir(): No such file or directory in /var/www/html/admin/controller/common/security.php on line 283
2025-07-25 05:59:59 - PHP Warning:  copy(/var/www/storage/cache/cache.product.5404f09f6bb892dbb4f3fa5ab3c8e77b.1753413653): Failed to open stream: No such file or directory in /var/www/html/admin/controller/common/security.php on line 288
2025-07-25 05:59:59 - PHP Warning:  mkdir(): No such file or directory in /var/www/html/admin/controller/common/security.php on line 283
2025-07-25 05:59:59 - PHP Warning:  copy(/var/www/storage/cache/cache.store.f4e59086bfd5322620dbd8df0fc3e3e6.1753426624): Failed to open stream: No such file or directory in /var/www/html/admin/controller/common/security.php on line 288
2025-07-25 05:59:59 - PHP Warning:  mkdir(): No such file or directory in /var/www/html/admin/controller/common/security.php on line 283
2025-07-25 05:59:59 - PHP Warning:  copy(/var/www/storage/cache/index.html): Failed to open stream: No such file or directory in /var/www/html/admin/controller/common/security.php on line 288
2025-07-25 05:59:59 - PHP Warning:  mkdir(): No such file or directory in /var/www/html/admin/controller/common/security.php on line 283
2025-07-25 05:59:59 - PHP Warning:  mkdir(): No such file or directory in /var/www/html/admin/controller/common/security.php on line 283
2025-07-25 05:59:59 - PHP Warning:  copy(/var/www/storage/download/index.html): Failed to open stream: No such file or directory in /var/www/html/admin/controller/common/security.php on line 288
2025-07-25 05:59:59 - PHP Warning:  mkdir(): No such file or directory in /var/www/html/admin/controller/common/security.php on line 283
2025-07-25 05:59:59 - PHP Warning:  copy(/var/www/storage/logs/error.log): Failed to open stream: No such file or directory in /var/www/html/admin/controller/common/security.php on line 288
2025-07-25 05:59:59 - PHP Warning:  mkdir(): No such file or directory in /var/www/html/admin/controller/common/security.php on line 283
2025-07-25 05:59:59 - PHP Warning:  copy(/var/www/storage/logs/index.html): Failed to open stream: No such file or directory in /var/www/html/admin/controller/common/security.php on line 288
2025-07-25 05:59:59 - PHP Warning:  mkdir(): No such file or directory in /var/www/html/admin/controller/common/security.php on line 283
2025-07-25 05:59:59 - PHP Warning:  copy(/var/www/storage/marketplace/index.html): Failed to open stream: No such file or directory in /var/www/html/admin/controller/common/security.php on line 288
2025-07-25 05:59:59 - PHP Warning:  mkdir(): No such file or directory in /var/www/html/admin/controller/common/security.php on line 283
2025-07-25 05:59:59 - PHP Warning:  copy(/var/www/storage/marketplace/oc_language_example.ocmod.zip): Failed to open stream: No such file or directory in /var/www/html/admin/controller/common/security.php on line 288
2025-07-25 05:59:59 - PHP Warning:  mkdir(): No such file or directory in /var/www/html/admin/controller/common/security.php on line 283
2025-07-25 05:59:59 - PHP Warning:  copy(/var/www/storage/marketplace/oc_ocmod_example.ocmod.zip): Failed to open stream: No such file or directory in /var/www/html/admin/controller/common/security.php on line 288
2025-07-25 05:59:59 - PHP Warning:  mkdir(): No such file or directory in /var/www/html/admin/controller/common/security.php on line 283
2025-07-25 05:59:59 - PHP Warning:  copy(/var/www/storage/marketplace/oc_payment_example.ocmod.zip): Failed to open stream: No such file or directory in /var/www/html/admin/controller/common/security.php on line 288
2025-07-25 05:59:59 - PHP Warning:  mkdir(): No such file or directory in /var/www/html/admin/controller/common/security.php on line 283
2025-07-25 05:59:59 - PHP Warning:  copy(/var/www/storage/marketplace/oc_theme_example.ocmod.zip): Failed to open stream: No such file or directory in /var/www/html/admin/controller/common/security.php on line 288
2025-07-25 05:59:59 - PHP Warning:  mkdir(): No such file or directory in /var/www/html/admin/controller/common/security.php on line 283
2025-07-25 05:59:59 - PHP Warning:  copy(/var/www/storage/marketplace/opencart.ocmod.zip): Failed to open stream: No such file or directory in /var/www/html/admin/controller/common/security.php on line 288
2025-07-25 05:59:59 - PHP Warning:  mkdir(): No such file or directory in /var/www/html/admin/controller/common/security.php on line 283
2025-07-25 05:59:59 - PHP Warning:  copy(/var/www/storage/session/index.html): Failed to open stream: No such file or directory in /var/www/html/admin/controller/common/security.php on line 288
2025-07-25 05:59:59 - PHP Warning:  mkdir(): No such file or directory in /var/www/html/admin/controller/common/security.php on line 283
2025-07-25 05:59:59 - PHP Warning:  copy(/var/www/storage/upload/index.html): Failed to open stream: No such file or directory in /var/www/html/admin/controller/common/security.php on line 288
2025-07-25 05:59:59 - PHP Warning:  mkdir(): No such file or directory in /var/www/html/admin/controller/common/security.php on line 283
2025-07-25 05:59:59 - PHP Warning:  copy(/var/www/storage/vendor/autoload.php): Failed to open stream: No such file or directory in /var/www/html/admin/controller/common/security.php on line 288
2025-07-25 05:59:59 - PHP Warning:  mkdir(): No such file or directory in /var/www/html/admin/controller/common/security.php on line 283
2025-07-25 05:59:59 - PHP Warning:  mkdir(): No such file or directory in /var/www/html/admin/controller/common/security.php on line 283
2025-07-25 05:59:59 - PHP Warning:  mkdir(): No such file or directory in /var/www/html/admin/controller/common/security.php on line 283
2025-07-25 05:59:59 - PHP Warning:  mkdir(): No such file or directory in /var/www/html/admin/controller/common/security.php on line 283
2025-07-25 05:59:59 - PHP Warning:  mkdir(): No such file or directory in /var/www/html/admin/controller/common/security.php on line 283
2025-07-25 05:59:59 - PHP Warning:  mkdir(): No such file or directory in /var/www/html/admin/controller/common/security.php on line 283
2025-07-25 05:59:59 - PHP Warning:  mkdir(): No such file or directory in /var/www/html/admin/controller/common/security.php on line 283
2025-07-25 05:59:59 - PHP Warning:  mkdir(): No such file or directory in /var/www/html/admin/controller/common/security.php on line 283
2025-07-25 05:59:59 - PHP Warning:  mkdir(): No such file or directory in /var/www/html/admin/controller/common/security.php on line 283
2025-07-25 05:59:59 - PHP Warning:  mkdir(): No such file or directory in /var/www/html/admin/controller/common/security.php on line 283
2025-07-25 05:59:59 - PHP Warning:  mkdir(): No such file or directory in /var/www/html/admin/controller/common/security.php on line 283
2025-07-25 05:59:59 - PHP Warning:  mkdir(): No such file or directory in /var/www/html/admin/controller/common/security.php on line 283
2025-07-25 05:59:59 - PHP Warning:  mkdir(): No such file or directory in /var/www/html/admin/controller/common/security.php on line 283
2025-07-25 05:59:59 - PHP Warning:  mkdir(): No such file or directory in /var/www/html/admin/controller/common/security.php on line 283
2025-07-25 05:59:59 - PHP Warning:  mkdir(): No such file or directory in /var/www/html/admin/controller/common/security.php on line 283
2025-07-25 05:59:59 - PHP Warning:  mkdir(): No such file or directory in /var/www/html/admin/controller/common/security.php on line 283
2025-07-25 05:59:59 - PHP Warning:  mkdir(): No such file or directory in /var/www/html/admin/controller/common/security.php on line 283
2025-07-25 05:59:59 - PHP Warning:  mkdir(): No such file or directory in /var/www/html/admin/controller/common/security.php on line 283
2025-07-25 05:59:59 - PHP Warning:  mkdir(): No such file or directory in /var/www/html/admin/controller/common/security.php on line 283
2025-07-25 05:59:59 - PHP Warning:  mkdir(): No such file or directory in /var/www/html/admin/controller/common/security.php on line 283
2025-07-25 05:59:59 - PHP Warning:  mkdir(): No such file or directory in /var/www/html/admin/controller/common/security.php on line 283
2025-07-25 05:59:59 - PHP Warning:  mkdir(): No such file or directory in /var/www/html/admin/controller/common/security.php on line 283
2025-07-25 05:59:59 - PHP Warning:  mkdir(): No such file or directory in /var/www/html/admin/controller/common/security.php on line 283
2025-07-25 05:59:59 - PHP Warning:  mkdir(): No such file or directory in /var/www/html/admin/controller/common/security.php on line 283
2025-07-25 05:59:59 - PHP Warning:  mkdir(): No such file or directory in /var/www/html/admin/controller/common/security.php on line 283
2025-07-25 05:59:59 - PHP Warning:  mkdir(): No such file or directory in /var/www/html/admin/controller/common/security.php on line 283
2025-07-25 05:59:59 - PHP Warning:  mkdir(): No such file or directory in /var/www/html/admin/controller/common/security.php on line 283
2025-07-25 05:59:59 - PHP Warning:  mkdir(): No such file or directory in /var/www/html/admin/controller/common/security.php on line 283
2025-07-25 05:59:59 - PHP Warning:  mkdir(): No such file or directory in /var/www/html/admin/controller/common/security.php on line 283
2025-07-25 05:59:59 - PHP Warning:  mkdir(): No such file or directory in /var/www/html/admin/controller/common/security.php on line 283
2025-07-25 05:59:59 - PHP Warning:  mkdir(): No such file or directory in /var/www/html/admin/controller/common/security.php on line 283
2025-07-25 05:59:59 - PHP Warning:  mkdir(): No such file or directory in /var/www/html/admin/controller/common/security.php on line 283
2025-07-25 05:59:59 - PHP Warning:  mkdir(): No such file or directory in /var/www/html/admin/controller/common/security.php on line 283
2025-07-25 05:59:59 - PHP Warning:  mkdir(): No such file or directory in /var/www/html/admin/controller/common/security.php on line 283
2025-07-25 05:59:59 - PHP Warning:  mkdir(): No such file or directory in /var/www/html/admin/controller/common/security.php on line 283
2025-07-25 05:59:59 - PHP Warning:  mkdir(): No such file or directory in /var/www/html/admin/controller/common/security.php on line 283
2025-07-25 05:59:59 - PHP Warning:  mkdir(): No such file or directory in /var/www/html/admin/controller/common/security.php on line 283
2025-07-25 05:59:59 - PHP Warning:  mkdir(): No such file or directory in /var/www/html/admin/controller/common/security.php on line 283
2025-07-25 05:59:59 - PHP Warning:  mkdir(): No such file or directory in /var/www/html/admin/controller/common/security.php on line 283
2025-07-25 05:59:59 - PHP Warning:  mkdir(): No such file or directory in /var/www/html/admin/controller/common/security.php on line 283
2025-07-25 05:59:59 - PHP Warning:  mkdir(): No such file or directory in /var/www/html/admin/controller/common/security.php on line 283
2025-07-25 05:59:59 - PHP Warning:  mkdir(): No such file or directory in /var/www/html/admin/controller/common/security.php on line 283
2025-07-25 05:59:59 - PHP Warning:  mkdir(): No such file or directory in /var/www/html/admin/controller/common/security.php on line 283
2025-07-25 05:59:59 - PHP Warning:  mkdir(): No such file or directory in /var/www/html/admin/controller/common/security.php on line 283
2025-07-25 05:59:59 - PHP Warning:  mkdir(): No such file or directory in /var/www/html/admin/controller/common/security.php on line 283
2025-07-25 05:59:59 - PHP Warning:  mkdir(): No such file or directory in /var/www/html/admin/controller/common/security.php on line 283
2025-07-25 05:59:59 - PHP Warning:  mkdir(): No such file or directory in /var/www/html/admin/controller/common/security.php on line 283
2025-07-25 05:59:59 - PHP Warning:  mkdir(): No such file or directory in /var/www/html/admin/controller/common/security.php on line 283
2025-07-25 05:59:59 - PHP Warning:  mkdir(): No such file or directory in /var/www/html/admin/controller/common/security.php on line 283
2025-07-25 05:59:59 - PHP Warning:  mkdir(): No such file or directory in /var/www/html/admin/controller/common/security.php on line 283
2025-07-25 05:59:59 - PHP Warning:  mkdir(): No such file or directory in /var/www/html/admin/controller/common/security.php on line 283
2025-07-25 05:59:59 - PHP Warning:  mkdir(): No such file or directory in /var/www/html/admin/controller/common/security.php on line 283
2025-07-25 05:59:59 - PHP Warning:  mkdir(): No such file or directory in /var/www/html/admin/controller/common/security.php on line 283
2025-07-25 05:59:59 - PHP Warning:  mkdir(): No such file or directory in /var/www/html/admin/controller/common/security.php on line 283
2025-07-25 05:59:59 - PHP Warning:  mkdir(): No such file or directory in /var/www/html/admin/controller/common/security.php on line 283
2025-07-25 05:59:59 - PHP Warning:  mkdir(): No such file or directory in /var/www/html/admin/controller/common/security.php on line 283
2025-07-25 05:59:59 - PHP Warning:  mkdir(): No such file or directory in /var/www/html/admin/controller/common/security.php on line 283
2025-07-25 05:59:59 - PHP Warning:  mkdir(): No such file or directory in /var/www/html/admin/controller/common/security.php on line 283
2025-07-25 05:59:59 - PHP Warning:  mkdir(): No such file or directory in /var/www/html/admin/controller/common/security.php on line 283
2025-07-25 05:59:59 - PHP Warning:  mkdir(): No such file or directory in /var/www/html/admin/controller/common/security.php on line 283
2025-07-25 05:59:59 - PHP Warning:  mkdir(): No such file or directory in /var/www/html/admin/controller/common/security.php on line 283
2025-07-25 05:59:59 - PHP Warning:  mkdir(): No such file or directory in /var/www/html/admin/controller/common/security.php on line 283
2025-07-25 05:59:59 - PHP Warning:  mkdir(): No such file or directory in /var/www/html/admin/controller/common/security.php on line 283
2025-07-25 05:59:59 - PHP Warning:  mkdir(): No such file or directory in /var/www/html/admin/controller/common/security.php on line 283
2025-07-25 05:59:59 - PHP Warning:  mkdir(): No such file or directory in /var/www/html/admin/controller/common/security.php on line 283
2025-07-25 05:59:59 - PHP Warning:  mkdir(): No such file or directory in /var/www/html/admin/controller/common/security.php on line 283
2025-07-25 05:59:59 - PHP Warning:  mkdir(): No such file or directory in /var/www/html/admin/controller/common/security.php on line 283
2025-07-25 05:59:59 - PHP Warning:  mkdir(): No such file or directory in /var/www/html/admin/controller/common/security.php on line 283
2025-07-25 05:59:59 - PHP Warning:  mkdir(): No such file or directory in /var/www/html/admin/controller/common/security.php on line 283
2025-07-25 05:59:59 - PHP Warning:  mkdir(): No such file or directory in /var/www/html/admin/controller/common/security.php on line 283
2025-07-25 05:59:59 - PHP Warning:  mkdir(): No such file or directory in /var/www/html/admin/controller/common/security.php on line 283
2025-07-25 05:59:59 - PHP Warning:  mkdir(): No such file or directory in /var/www/html/admin/controller/common/security.php on line 283
2025-07-25 05:59:59 - PHP Warning:  mkdir(): No such file or directory in /var/www/html/admin/controller/common/security.php on line 283
2025-07-25 05:59:59 - PHP Warning:  mkdir(): No such file or directory in /var/www/html/admin/controller/common/security.php on line 283
2025-07-25 05:59:59 - PHP Warning:  mkdir(): No such file or directory in /var/www/html/admin/controller/common/security.php on line 283
2025-07-25 05:59:59 - PHP Warning:  mkdir(): No such file or directory in /var/www/html/admin/controller/common/security.php on line 283
2025-07-25 05:59:59 - PHP Warning:  mkdir(): No such file or directory in /var/www/html/admin/controller/common/security.php on line 283
2025-07-25 05:59:59 - PHP Warning:  mkdir(): No such file or directory in /var/www/html/admin/controller/common/security.php on line 283
2025-07-25 05:59:59 - PHP Warning:  mkdir(): No such file or directory in /var/www/html/admin/controller/common/security.php on line 283
2025-07-25 05:59:59 - PHP Warning:  mkdir(): No such file or directory in /var/www/html/admin/controller/common/security.php on line 283
2025-07-25 05:59:59 - PHP Warning:  mkdir(): No such file or directory in /var/www/html/admin/controller/common/security.php on line 283
2025-07-25 05:59:59 - PHP Warning:  mkdir(): No such file or directory in /var/www/html/admin/controller/common/security.php on line 283
2025-07-25 05:59:59 - PHP Warning:  mkdir(): No such file or directory in /var/www/html/admin/controller/common/security.php on line 283
2025-07-25 05:59:59 - PHP Warning:  mkdir(): No such file or directory in /var/www/html/admin/controller/common/security.php on line 283
2025-07-25 05:59:59 - PHP Warning:  mkdir(): No such file or directory in /var/www/html/admin/controller/common/security.php on line 283
2025-07-25 05:59:59 - PHP Warning:  mkdir(): No such file or directory in /var/www/html/admin/controller/common/security.php on line 283
2025-07-25 05:59:59 - PHP Warning:  mkdir(): No such file or directory in /var/www/html/admin/controller/common/security.php on line 283
2025-07-25 05:59:59 - PHP Warning:  mkdir(): No such file or directory in /var/www/html/admin/controller/common/security.php on line 283
2025-07-25 05:59:59 - PHP Warning:  mkdir(): No such file or directory in /var/www/html/admin/controller/common/security.php on line 283
2025-07-25 05:59:59 - PHP Warning:  mkdir(): No such file or directory in /var/www/html/admin/controller/common/security.php on line 283
2025-07-25 05:59:59 - PHP Warning:  mkdir(): No such file or directory in /var/www/html/admin/controller/common/security.php on line 283
2025-07-25 05:59:59 - PHP Warning:  mkdir(): No such file or directory in /var/www/html/admin/controller/common/security.php on line 283
2025-07-25 05:59:59 - PHP Warning:  mkdir(): No such file or directory in /var/www/html/admin/controller/common/security.php on line 283
2025-07-25 05:59:59 - PHP Warning:  mkdir(): No such file or directory in /var/www/html/admin/controller/common/security.php on line 283
2025-07-25 05:59:59 - PHP Warning:  mkdir(): No such file or directory in /var/www/html/admin/controller/common/security.php on line 283
2025-07-25 05:59:59 - PHP Warning:  mkdir(): No such file or directory in /var/www/html/admin/controller/common/security.php on line 283
2025-07-25 05:59:59 - PHP Warning:  mkdir(): No such file or directory in /var/www/html/admin/controller/common/security.php on line 283
2025-07-25 05:59:59 - PHP Warning:  mkdir(): No such file or directory in /var/www/html/admin/controller/common/security.php on line 283
2025-07-25 05:59:59 - PHP Warning:  mkdir(): No such file or directory in /var/www/html/admin/controller/common/security.php on line 283
2025-07-25 05:59:59 - PHP Warning:  mkdir(): No such file or directory in /var/www/html/admin/controller/common/security.php on line 283
2025-07-25 06:00:00 - PHP Warning:  copy(/var/www/storage/vendor/bin/jp.php): Failed to open stream: No such file or directory in /var/www/html/admin/controller/common/security.php on line 288
2025-07-25 06:00:00 - PHP Warning:  mkdir(): No such file or directory in /var/www/html/admin/controller/common/security.php on line 283
2025-07-25 06:00:00 - PHP Warning:  mkdir(): No such file or directory in /var/www/html/admin/controller/common/security.php on line 283
2025-07-25 06:00:00 - PHP Warning:  copy(/var/www/storage/vendor/bin/jp.php.bat): Failed to open stream: No such file or directory in /var/www/html/admin/controller/common/security.php on line 288
2025-07-25 06:00:00 - PHP Warning:  mkdir(): No such file or directory in /var/www/html/admin/controller/common/security.php on line 283
2025-07-25 06:00:00 - PHP Warning:  mkdir(): No such file or directory in /var/www/html/admin/controller/common/security.php on line 283
2025-07-25 06:00:00 - PHP Warning:  copy(/var/www/storage/vendor/bin/pscss): Failed to open stream: No such file or directory in /var/www/html/admin/controller/common/security.php on line 288
2025-07-25 06:00:00 - PHP Warning:  mkdir(): No such file or directory in /var/www/html/admin/controller/common/security.php on line 283
2025-07-25 06:00:00 - PHP Warning:  mkdir(): No such file or directory in /var/www/html/admin/controller/common/security.php on line 283
2025-07-25 06:00:00 - PHP Warning:  copy(/var/www/storage/vendor/bin/pscss.bat): Failed to open stream: No such file or directory in /var/www/html/admin/controller/common/security.php on line 288
2025-07-25 06:00:00 - PHP Warning:  mkdir(): No such file or directory in /var/www/html/admin/controller/common/security.php on line 283
2025-07-25 06:00:00 - PHP Warning:  mkdir(): No such file or directory in /var/www/html/admin/controller/common/security.php on line 283
2025-07-25 06:00:00 - PHP Warning:  copy(/var/www/storage/vendor/composer/ClassLoader.php): Failed to open stream: No such file or directory in /var/www/html/admin/controller/common/security.php on line 288
2025-07-25 06:00:00 - PHP Warning:  mkdir(): No such file or directory in /var/www/html/admin/controller/common/security.php on line 283
2025-07-25 06:00:00 - PHP Warning:  mkdir(): No such file or directory in /var/www/html/admin/controller/common/security.php on line 283
2025-07-25 06:00:00 - PHP Warning:  copy(/var/www/storage/vendor/composer/InstalledVersions.php): Failed to open stream: No such file or directory in /var/www/html/admin/controller/common/security.php on line 288
2025-07-25 06:00:00 - PHP Warning:  mkdir(): No such file or directory in /var/www/html/admin/controller/common/security.php on line 283
2025-07-25 06:00:00 - PHP Warning:  mkdir(): No such file or directory in /var/www/html/admin/controller/common/security.php on line 283
2025-07-25 06:00:00 - PHP Warning:  copy(/var/www/storage/vendor/composer/LICENSE): Failed to open stream: No such file or directory in /var/www/html/admin/controller/common/security.php on line 288
2025-07-25 06:00:00 - PHP Warning:  mkdir(): No such file or directory in /var/www/html/admin/controller/common/security.php on line 283
2025-07-25 06:00:00 - PHP Warning:  mkdir(): No such file or directory in /var/www/html/admin/controller/common/security.php on line 283
2025-07-25 06:00:00 - PHP Warning:  copy(/var/www/storage/vendor/composer/autoload_classmap.php): Failed to open stream: No such file or directory in /var/www/html/admin/controller/common/security.php on line 288
2025-07-25 06:00:00 - PHP Warning:  mkdir(): No such file or directory in /var/www/html/admin/controller/common/security.php on line 283
2025-07-25 06:00:00 - PHP Warning:  mkdir(): No such file or directory in /var/www/html/admin/controller/common/security.php on line 283
2025-07-25 06:00:00 - PHP Warning:  copy(/var/www/storage/vendor/composer/autoload_files.php): Failed to open stream: No such file or directory in /var/www/html/admin/controller/common/security.php on line 288
2025-07-25 06:00:00 - PHP Warning:  mkdir(): No such file or directory in /var/www/html/admin/controller/common/security.php on line 283
2025-07-25 06:00:00 - PHP Warning:  mkdir(): No such file or directory in /var/www/html/admin/controller/common/security.php on line 283
2025-07-25 06:00:00 - PHP Warning:  copy(/var/www/storage/vendor/composer/autoload_namespaces.php): Failed to open stream: No such file or directory in /var/www/html/admin/controller/common/security.php on line 288
2025-07-25 06:00:00 - PHP Warning:  mkdir(): No such file or directory in /var/www/html/admin/controller/common/security.php on line 283
2025-07-25 06:00:00 - PHP Warning:  mkdir(): No such file or directory in /var/www/html/admin/controller/common/security.php on line 283
2025-07-25 06:00:00 - PHP Warning:  copy(/var/www/storage/vendor/composer/autoload_psr4.php): Failed to open stream: No such file or directory in /var/www/html/admin/controller/common/security.php on line 288
2025-07-25 06:00:00 - PHP Warning:  mkdir(): No such file or directory in /var/www/html/admin/controller/common/security.php on line 283
2025-07-25 06:00:00 - PHP Warning:  mkdir(): No such file or directory in /var/www/html/admin/controller/common/security.php on line 283
2025-07-25 06:00:00 - PHP Warning:  copy(/var/www/storage/vendor/composer/autoload_real.php): Failed to open stream: No such file or directory in /var/www/html/admin/controller/common/security.php on line 288
2025-07-25 06:00:00 - PHP Warning:  mkdir(): No such file or directory in /var/www/html/admin/controller/common/security.php on line 283
2025-07-25 06:00:00 - PHP Warning:  mkdir(): No such file or directory in /var/www/html/admin/controller/common/security.php on line 283
2025-07-25 06:00:00 - PHP Warning:  copy(/var/www/storage/vendor/composer/autoload_static.php): Failed to open stream: No such file or directory in /var/www/html/admin/controller/common/security.php on line 288
2025-07-25 06:00:00 - PHP Warning:  mkdir(): No such file or directory in /var/www/html/admin/controller/common/security.php on line 283
2025-07-25 06:00:00 - PHP Warning:  mkdir(): No such file or directory in /var/www/html/admin/controller/common/security.php on line 283
2025-07-25 06:00:00 - PHP Warning:  copy(/var/www/storage/vendor/composer/installed.json): Failed to open stream: No such file or directory in /var/www/html/admin/controller/common/security.php on line 288
2025-07-25 06:00:00 - PHP Warning:  mkdir(): No such file or directory in /var/www/html/admin/controller/common/security.php on line 283
2025-07-25 06:00:00 - PHP Warning:  mkdir(): No such file or directory in /var/www/html/admin/controller/common/security.php on line 283
2025-07-25 06:00:00 - PHP Warning:  copy(/var/www/storage/vendor/composer/installed.php): Failed to open stream: No such file or directory in /var/www/html/admin/controller/common/security.php on line 288
2025-07-25 06:00:00 - PHP Warning:  mkdir(): No such file or directory in /var/www/html/admin/controller/common/security.php on line 283
2025-07-25 06:00:00 - PHP Warning:  mkdir(): No such file or directory in /var/www/html/admin/controller/common/security.php on line 283
2025-07-25 06:00:00 - PHP Warning:  copy(/var/www/storage/vendor/composer/platform_check.php): Failed to open stream: No such file or directory in /var/www/html/admin/controller/common/security.php on line 288
2025-07-25 06:00:00 - PHP Warning:  mkdir(): No such file or directory in /var/www/html/admin/controller/common/security.php on line 283
2025-07-25 06:00:00 - PHP Warning:  mkdir(): No such file or directory in /var/www/html/admin/controller/common/security.php on line 283
2025-07-25 06:00:00 - PHP Warning:  mkdir(): No such file or directory in /var/www/html/admin/controller/common/security.php on line 283
2025-07-25 06:00:00 - PHP Warning:  mkdir(): No such file or directory in /var/www/html/admin/controller/common/security.php on line 283
2025-07-25 06:00:00 - PHP Warning:  mkdir(): No such file or directory in /var/www/html/admin/controller/common/security.php on line 283
2025-07-25 06:00:00 - PHP Warning:  mkdir(): No such file or directory in /var/www/html/admin/controller/common/security.php on line 283
2025-07-25 06:00:00 - PHP Warning:  mkdir(): No such file or directory in /var/www/html/admin/controller/common/security.php on line 283
2025-07-25 06:00:00 - PHP Warning:  mkdir(): No such file or directory in /var/www/html/admin/controller/common/security.php on line 283
2025-07-25 06:00:00 - PHP Warning:  mkdir(): No such file or directory in /var/www/html/admin/controller/common/security.php on line 283
2025-07-25 06:00:00 - PHP Warning:  mkdir(): No such file or directory in /var/www/html/admin/controller/common/security.php on line 283
2025-07-25 06:00:00 - PHP Warning:  mkdir(): No such file or directory in /var/www/html/admin/controller/common/security.php on line 283
2025-07-25 06:00:00 - PHP Warning:  mkdir(): No such file or directory in /var/www/html/admin/controller/common/security.php on line 283
2025-07-25 06:00:00 - PHP Warning:  mkdir(): No such file or directory in /var/www/html/admin/controller/common/security.php on line 283
2025-07-25 06:00:00 - PHP Warning:  mkdir(): No such file or directory in /var/www/html/admin/controller/common/security.php on line 283
2025-07-25 06:00:00 - PHP Warning:  mkdir(): No such file or directory in /var/www/html/admin/controller/common/security.php on line 283
2025-07-25 06:00:00 - PHP Warning:  mkdir(): No such file or directory in /var/www/html/admin/controller/common/security.php on line 283
2025-07-25 06:00:00 - PHP Warning:  mkdir(): No such file or directory in /var/www/html/admin/controller/common/security.php on line 283
2025-07-25 06:00:00 - PHP Warning:  mkdir(): No such file or directory in /var/www/html/admin/controller/common/security.php on line 283
2025-07-25 06:00:00 - PHP Warning:  mkdir(): No such file or directory in /var/www/html/admin/controller/common/security.php on line 283
2025-07-25 06:00:00 - PHP Warning:  mkdir(): No such file or directory in /var/www/html/admin/controller/common/security.php on line 283
2025-07-25 06:00:00 - PHP Warning:  mkdir(): No such file or directory in /var/www/html/admin/controller/common/security.php on line 283
2025-07-25 06:00:00 - PHP Warning:  mkdir(): No such file or directory in /var/www/html/admin/controller/common/security.php on line 283
2025-07-25 06:00:00 - PHP Warning:  mkdir(): No such file or directory in /var/www/html/admin/controller/common/security.php on line 283
2025-07-25 06:00:00 - PHP Warning:  mkdir(): No such file or directory in /var/www/html/admin/controller/common/security.php on line 283
2025-07-25 06:00:00 - PHP Warning:  mkdir(): No such file or directory in /var/www/html/admin/controller/common/security.php on line 283
2025-07-25 06:00:00 - PHP Warning:  mkdir(): No such file or directory in /var/www/html/admin/controller/common/security.php on line 283
2025-07-25 06:00:00 - PHP Warning:  mkdir(): No such file or directory in /var/www/html/admin/controller/common/security.php on line 283
2025-07-25 06:00:00 - PHP Warning:  mkdir(): No such file or directory in /var/www/html/admin/controller/common/security.php on line 283
2025-07-25 06:00:00 - PHP Warning:  mkdir(): No such file or directory in /var/www/html/admin/controller/common/security.php on line 283
2025-07-25 06:00:00 - PHP Warning:  mkdir(): No such file or directory in /var/www/html/admin/controller/common/security.php on line 283
2025-07-25 06:00:00 - PHP Warning:  mkdir(): No such file or directory in /var/www/html/admin/controller/common/security.php on line 283
2025-07-25 06:00:00 - PHP Warning:  copy(/var/www/storage/cache/template/00/00773630e2a4137b12fdd838d2da85b5.php): Failed to open stream: No such file or directory in /var/www/html/admin/controller/common/security.php on line 288
2025-07-25 06:00:00 - PHP Warning:  mkdir(): No such file or directory in /var/www/html/admin/controller/common/security.php on line 283
2025-07-25 06:00:00 - PHP Warning:  mkdir(): No such file or directory in /var/www/html/admin/controller/common/security.php on line 283
2025-07-25 06:00:00 - PHP Warning:  mkdir(): No such file or directory in /var/www/html/admin/controller/common/security.php on line 283
2025-07-25 06:00:00 - PHP Warning:  copy(/var/www/storage/cache/template/06/06046cad3da0b754b338b6a1130d7776.php): Failed to open stream: No such file or directory in /var/www/html/admin/controller/common/security.php on line 288
2025-07-25 06:00:00 - PHP Warning:  mkdir(): No such file or directory in /var/www/html/admin/controller/common/security.php on line 283
2025-07-25 06:00:00 - PHP Warning:  mkdir(): No such file or directory in /var/www/html/admin/controller/common/security.php on line 283
2025-07-25 06:00:00 - PHP Warning:  mkdir(): No such file or directory in /var/www/html/admin/controller/common/security.php on line 283
2025-07-25 06:00:00 - PHP Warning:  copy(/var/www/storage/cache/template/06/060d8094e80ca4f1efea637e4a1751cc.php): Failed to open stream: No such file or directory in /var/www/html/admin/controller/common/security.php on line 288
2025-07-25 06:00:00 - PHP Warning:  mkdir(): No such file or directory in /var/www/html/admin/controller/common/security.php on line 283
2025-07-25 06:00:00 - PHP Warning:  mkdir(): No such file or directory in /var/www/html/admin/controller/common/security.php on line 283
2025-07-25 06:00:00 - PHP Warning:  mkdir(): No such file or directory in /var/www/html/admin/controller/common/security.php on line 283
2025-07-25 06:00:00 - PHP Warning:  copy(/var/www/storage/cache/template/0c/0c92b1ebb92a413cf78d05b7854fdbb7.php): Failed to open stream: No such file or directory in /var/www/html/admin/controller/common/security.php on line 288
2025-07-25 06:00:00 - PHP Warning:  mkdir(): No such file or directory in /var/www/html/admin/controller/common/security.php on line 283
2025-07-25 06:00:00 - PHP Warning:  mkdir(): No such file or directory in /var/www/html/admin/controller/common/security.php on line 283
2025-07-25 06:00:00 - PHP Warning:  mkdir(): No such file or directory in /var/www/html/admin/controller/common/security.php on line 283
2025-07-25 06:00:00 - PHP Warning:  copy(/var/www/storage/cache/template/12/12458494440ae0d23f8145c4b8f26e04.php): Failed to open stream: No such file or directory in /var/www/html/admin/controller/common/security.php on line 288
2025-07-25 06:00:00 - PHP Warning:  mkdir(): No such file or directory in /var/www/html/admin/controller/common/security.php on line 283
2025-07-25 06:00:00 - PHP Warning:  mkdir(): No such file or directory in /var/www/html/admin/controller/common/security.php on line 283
2025-07-25 06:00:00 - PHP Warning:  mkdir(): No such file or directory in /var/www/html/admin/controller/common/security.php on line 283
2025-07-25 06:00:00 - PHP Warning:  copy(/var/www/storage/cache/template/12/124606f358be4397eac2089f578efdf4.php): Failed to open stream: No such file or directory in /var/www/html/admin/controller/common/security.php on line 288
2025-07-25 06:00:00 - PHP Warning:  mkdir(): No such file or directory in /var/www/html/admin/controller/common/security.php on line 283
2025-07-25 06:00:00 - PHP Warning:  mkdir(): No such file or directory in /var/www/html/admin/controller/common/security.php on line 283
2025-07-25 06:00:00 - PHP Warning:  mkdir(): No such file or directory in /var/www/html/admin/controller/common/security.php on line 283
2025-07-25 06:00:00 - PHP Warning:  copy(/var/www/storage/cache/template/16/160a980f4259a72a1518fff7baed0df3.php): Failed to open stream: No such file or directory in /var/www/html/admin/controller/common/security.php on line 288
2025-07-25 06:00:00 - PHP Warning:  mkdir(): No such file or directory in /var/www/html/admin/controller/common/security.php on line 283
2025-07-25 06:00:00 - PHP Warning:  mkdir(): No such file or directory in /var/www/html/admin/controller/common/security.php on line 283
2025-07-25 06:00:00 - PHP Warning:  mkdir(): No such file or directory in /var/www/html/admin/controller/common/security.php on line 283
2025-07-25 06:00:00 - PHP Warning:  copy(/var/www/storage/cache/template/1f/1fe5d3cb2ea44b19316255dd454ddc88.php): Failed to open stream: No such file or directory in /var/www/html/admin/controller/common/security.php on line 288
2025-07-25 06:00:00 - PHP Warning:  mkdir(): No such file or directory in /var/www/html/admin/controller/common/security.php on line 283
2025-07-25 06:00:00 - PHP Warning:  mkdir(): No such file or directory in /var/www/html/admin/controller/common/security.php on line 283
2025-07-25 06:00:00 - PHP Warning:  mkdir(): No such file or directory in /var/www/html/admin/controller/common/security.php on line 283
2025-07-25 06:00:00 - PHP Warning:  copy(/var/www/storage/cache/template/3b/3b0b2f3562bb5d0ffd753a65408839f4.php): Failed to open stream: No such file or directory in /var/www/html/admin/controller/common/security.php on line 288
2025-07-25 06:00:00 - PHP Warning:  mkdir(): No such file or directory in /var/www/html/admin/controller/common/security.php on line 283
2025-07-25 06:00:00 - PHP Warning:  mkdir(): No such file or directory in /var/www/html/admin/controller/common/security.php on line 283
2025-07-25 06:00:00 - PHP Warning:  mkdir(): No such file or directory in /var/www/html/admin/controller/common/security.php on line 283
2025-07-25 06:00:00 - PHP Warning:  copy(/var/www/storage/cache/template/3d/3d70e03ec568d54b89a3f75013358b14.php): Failed to open stream: No such file or directory in /var/www/html/admin/controller/common/security.php on line 288
2025-07-25 06:00:00 - PHP Warning:  mkdir(): No such file or directory in /var/www/html/admin/controller/common/security.php on line 283
2025-07-25 06:00:00 - PHP Warning:  mkdir(): No such file or directory in /var/www/html/admin/controller/common/security.php on line 283
2025-07-25 06:00:00 - PHP Warning:  mkdir(): No such file or directory in /var/www/html/admin/controller/common/security.php on line 283
2025-07-25 06:00:00 - PHP Warning:  copy(/var/www/storage/cache/template/3f/3fd7a3454c519dfa0a052a084e1bb341.php): Failed to open stream: No such file or directory in /var/www/html/admin/controller/common/security.php on line 288
2025-07-25 06:00:00 - PHP Warning:  mkdir(): No such file or directory in /var/www/html/admin/controller/common/security.php on line 283
2025-07-25 06:00:00 - PHP Warning:  mkdir(): No such file or directory in /var/www/html/admin/controller/common/security.php on line 283
2025-07-25 06:00:00 - PHP Warning:  mkdir(): No such file or directory in /var/www/html/admin/controller/common/security.php on line 283
2025-07-25 06:00:00 - PHP Warning:  copy(/var/www/storage/cache/template/52/52dadb5707151170541e9eebfcc8fd8b.php): Failed to open stream: No such file or directory in /var/www/html/admin/controller/common/security.php on line 288
2025-07-25 06:00:00 - PHP Warning:  mkdir(): No such file or directory in /var/www/html/admin/controller/common/security.php on line 283
2025-07-25 06:00:00 - PHP Warning:  mkdir(): No such file or directory in /var/www/html/admin/controller/common/security.php on line 283
2025-07-25 06:00:00 - PHP Warning:  mkdir(): No such file or directory in /var/www/html/admin/controller/common/security.php on line 283
2025-07-25 06:00:00 - PHP Warning:  copy(/var/www/storage/cache/template/54/5423e002bda0260ff24af546eb5654a0.php): Failed to open stream: No such file or directory in /var/www/html/admin/controller/common/security.php on line 288
2025-07-25 06:00:00 - PHP Warning:  mkdir(): No such file or directory in /var/www/html/admin/controller/common/security.php on line 283
2025-07-25 06:00:00 - PHP Warning:  mkdir(): No such file or directory in /var/www/html/admin/controller/common/security.php on line 283
2025-07-25 06:00:00 - PHP Warning:  mkdir(): No such file or directory in /var/www/html/admin/controller/common/security.php on line 283
2025-07-25 06:00:00 - PHP Warning:  copy(/var/www/storage/cache/template/56/5610554291ee1f1fa8611636f46244aa.php): Failed to open stream: No such file or directory in /var/www/html/admin/controller/common/security.php on line 288
2025-07-25 06:00:00 - PHP Warning:  mkdir(): No such file or directory in /var/www/html/admin/controller/common/security.php on line 283
2025-07-25 06:00:00 - PHP Warning:  mkdir(): No such file or directory in /var/www/html/admin/controller/common/security.php on line 283
2025-07-25 06:00:00 - PHP Warning:  mkdir(): No such file or directory in /var/www/html/admin/controller/common/security.php on line 283
2025-07-25 06:00:00 - PHP Warning:  copy(/var/www/storage/cache/template/5a/5aa39d6813af0fd85a758f07a82f2cda.php): Failed to open stream: No such file or directory in /var/www/html/admin/controller/common/security.php on line 288
2025-07-25 06:00:00 - PHP Warning:  mkdir(): No such file or directory in /var/www/html/admin/controller/common/security.php on line 283
2025-07-25 06:00:00 - PHP Warning:  mkdir(): No such file or directory in /var/www/html/admin/controller/common/security.php on line 283
2025-07-25 06:00:00 - PHP Warning:  mkdir(): No such file or directory in /var/www/html/admin/controller/common/security.php on line 283
2025-07-25 06:00:00 - PHP Warning:  copy(/var/www/storage/cache/template/5f/5fa2c1bb70814125c44bb4bcc753c5e5.php): Failed to open stream: No such file or directory in /var/www/html/admin/controller/common/security.php on line 288
2025-07-25 06:00:00 - PHP Warning:  mkdir(): No such file or directory in /var/www/html/admin/controller/common/security.php on line 283
2025-07-25 06:00:00 - PHP Warning:  mkdir(): No such file or directory in /var/www/html/admin/controller/common/security.php on line 283
2025-07-25 06:00:00 - PHP Warning:  mkdir(): No such file or directory in /var/www/html/admin/controller/common/security.php on line 283
2025-07-25 06:00:00 - PHP Warning:  copy(/var/www/storage/cache/template/62/62d42c3ee5ccab68385271b22c1d8b3a.php): Failed to open stream: No such file or directory in /var/www/html/admin/controller/common/security.php on line 288
2025-07-25 06:00:00 - PHP Warning:  mkdir(): No such file or directory in /var/www/html/admin/controller/common/security.php on line 283
2025-07-25 06:00:00 - PHP Warning:  mkdir(): No such file or directory in /var/www/html/admin/controller/common/security.php on line 283
2025-07-25 06:00:00 - PHP Warning:  mkdir(): No such file or directory in /var/www/html/admin/controller/common/security.php on line 283
2025-07-25 06:00:00 - PHP Warning:  copy(/var/www/storage/cache/template/73/73bc9aadd926aee558a0360890c1a1ac.php): Failed to open stream: No such file or directory in /var/www/html/admin/controller/common/security.php on line 288
2025-07-25 06:00:00 - PHP Warning:  mkdir(): No such file or directory in /var/www/html/admin/controller/common/security.php on line 283
2025-07-25 06:00:00 - PHP Warning:  mkdir(): No such file or directory in /var/www/html/admin/controller/common/security.php on line 283
2025-07-25 06:00:00 - PHP Warning:  mkdir(): No such file or directory in /var/www/html/admin/controller/common/security.php on line 283
2025-07-25 06:00:00 - PHP Warning:  copy(/var/www/storage/cache/template/77/77f4281dc5d20a3faa48c184b4ff755f.php): Failed to open stream: No such file or directory in /var/www/html/admin/controller/common/security.php on line 288
2025-07-25 06:00:00 - PHP Warning:  mkdir(): No such file or directory in /var/www/html/admin/controller/common/security.php on line 283
2025-07-25 06:00:00 - PHP Warning:  mkdir(): No such file or directory in /var/www/html/admin/controller/common/security.php on line 283
2025-07-25 06:00:00 - PHP Warning:  mkdir(): No such file or directory in /var/www/html/admin/controller/common/security.php on line 283
2025-07-25 06:00:00 - PHP Warning:  copy(/var/www/storage/cache/template/79/799abce6b8ec10a34e24b56a70141fdd.php): Failed to open stream: No such file or directory in /var/www/html/admin/controller/common/security.php on line 288
2025-07-25 06:00:00 - PHP Warning:  mkdir(): No such file or directory in /var/www/html/admin/controller/common/security.php on line 283
2025-07-25 06:00:00 - PHP Warning:  mkdir(): No such file or directory in /var/www/html/admin/controller/common/security.php on line 283
2025-07-25 06:00:00 - PHP Warning:  mkdir(): No such file or directory in /var/www/html/admin/controller/common/security.php on line 283
2025-07-25 06:00:00 - PHP Warning:  copy(/var/www/storage/cache/template/7d/7d7446a49b81bdc02e9050f8e5283b66.php): Failed to open stream: No such file or directory in /var/www/html/admin/controller/common/security.php on line 288
2025-07-25 06:00:00 - PHP Warning:  mkdir(): No such file or directory in /var/www/html/admin/controller/common/security.php on line 283
2025-07-25 06:00:00 - PHP Warning:  mkdir(): No such file or directory in /var/www/html/admin/controller/common/security.php on line 283
2025-07-25 06:00:00 - PHP Warning:  mkdir(): No such file or directory in /var/www/html/admin/controller/common/security.php on line 283
2025-07-25 06:00:00 - PHP Warning:  copy(/var/www/storage/cache/template/80/80f8690943b4450a2f0878fc740436a9.php): Failed to open stream: No such file or directory in /var/www/html/admin/controller/common/security.php on line 288
2025-07-25 06:00:00 - PHP Warning:  mkdir(): No such file or directory in /var/www/html/admin/controller/common/security.php on line 283
2025-07-25 06:00:00 - PHP Warning:  mkdir(): No such file or directory in /var/www/html/admin/controller/common/security.php on line 283
2025-07-25 06:00:00 - PHP Warning:  mkdir(): No such file or directory in /var/www/html/admin/controller/common/security.php on line 283
2025-07-25 06:00:00 - PHP Warning:  copy(/var/www/storage/cache/template/81/812611d3ab406eeb6ce0796436943770.php): Failed to open stream: No such file or directory in /var/www/html/admin/controller/common/security.php on line 288
2025-07-25 06:00:00 - PHP Warning:  mkdir(): No such file or directory in /var/www/html/admin/controller/common/security.php on line 283
2025-07-25 06:00:00 - PHP Warning:  mkdir(): No such file or directory in /var/www/html/admin/controller/common/security.php on line 283
2025-07-25 06:00:00 - PHP Warning:  mkdir(): No such file or directory in /var/www/html/admin/controller/common/security.php on line 283
2025-07-25 06:00:00 - PHP Warning:  copy(/var/www/storage/cache/template/8f/8f179a30490bb09364fab93c9a6344a8.php): Failed to open stream: No such file or directory in /var/www/html/admin/controller/common/security.php on line 288
2025-07-25 06:00:00 - PHP Warning:  mkdir(): No such file or directory in /var/www/html/admin/controller/common/security.php on line 283
2025-07-25 06:00:00 - PHP Warning:  mkdir(): No such file or directory in /var/www/html/admin/controller/common/security.php on line 283
2025-07-25 06:00:00 - PHP Warning:  mkdir(): No such file or directory in /var/www/html/admin/controller/common/security.php on line 283
2025-07-25 06:00:00 - PHP Warning:  copy(/var/www/storage/cache/template/95/95ef62bd871ef0bfabe201b8016cf4e9.php): Failed to open stream: No such file or directory in /var/www/html/admin/controller/common/security.php on line 288
2025-07-25 06:00:00 - PHP Warning:  mkdir(): No such file or directory in /var/www/html/admin/controller/common/security.php on line 283
2025-07-25 06:00:00 - PHP Warning:  mkdir(): No such file or directory in /var/www/html/admin/controller/common/security.php on line 283
2025-07-25 06:00:00 - PHP Warning:  mkdir(): No such file or directory in /var/www/html/admin/controller/common/security.php on line 283
2025-07-25 06:00:00 - PHP Warning:  copy(/var/www/storage/cache/template/96/9693bc33b68a117e68a0d3982774f721.php): Failed to open stream: No such file or directory in /var/www/html/admin/controller/common/security.php on line 288
2025-07-25 06:00:00 - PHP Warning:  mkdir(): No such file or directory in /var/www/html/admin/controller/common/security.php on line 283
2025-07-25 06:00:00 - PHP Warning:  mkdir(): No such file or directory in /var/www/html/admin/controller/common/security.php on line 283
2025-07-25 06:00:00 - PHP Warning:  mkdir(): No such file or directory in /var/www/html/admin/controller/common/security.php on line 283
2025-07-25 06:00:00 - PHP Warning:  copy(/var/www/storage/cache/template/9b/9b7b7af56401ede2a51c3c5587aa68c2.php): Failed to open stream: No such file or directory in /var/www/html/admin/controller/common/security.php on line 288
2025-07-25 06:00:00 - PHP Warning:  mkdir(): No such file or directory in /var/www/html/admin/controller/common/security.php on line 283
2025-07-25 06:00:00 - PHP Warning:  mkdir(): No such file or directory in /var/www/html/admin/controller/common/security.php on line 283
2025-07-25 06:00:00 - PHP Warning:  mkdir(): No such file or directory in /var/www/html/admin/controller/common/security.php on line 283
2025-07-25 06:00:00 - PHP Warning:  copy(/var/www/storage/cache/template/a9/a94177d7094d007d3c3fea9b9d86f11f.php): Failed to open stream: No such file or directory in /var/www/html/admin/controller/common/security.php on line 288
2025-07-25 06:00:00 - PHP Warning:  mkdir(): No such file or directory in /var/www/html/admin/controller/common/security.php on line 283
2025-07-25 06:00:00 - PHP Warning:  mkdir(): No such file or directory in /var/www/html/admin/controller/common/security.php on line 283
2025-07-25 06:00:00 - PHP Warning:  mkdir(): No such file or directory in /var/www/html/admin/controller/common/security.php on line 283
2025-07-25 06:00:01 - PHP Warning:  copy(/var/www/storage/cache/template/ad/ad4c920de82af5ba050368d8a63420e3.php): Failed to open stream: No such file or directory in /var/www/html/admin/controller/common/security.php on line 288
2025-07-25 06:00:01 - PHP Warning:  mkdir(): No such file or directory in /var/www/html/admin/controller/common/security.php on line 283
2025-07-25 06:00:01 - PHP Warning:  mkdir(): No such file or directory in /var/www/html/admin/controller/common/security.php on line 283
2025-07-25 06:00:01 - PHP Warning:  mkdir(): No such file or directory in /var/www/html/admin/controller/common/security.php on line 283
2025-07-25 06:00:01 - PHP Warning:  copy(/var/www/storage/cache/template/ad/ad8a52ffc1e23e1ad2608f9b24bf5638.php): Failed to open stream: No such file or directory in /var/www/html/admin/controller/common/security.php on line 288
2025-07-25 06:00:01 - PHP Warning:  mkdir(): No such file or directory in /var/www/html/admin/controller/common/security.php on line 283
2025-07-25 06:00:01 - PHP Warning:  mkdir(): No such file or directory in /var/www/html/admin/controller/common/security.php on line 283
2025-07-25 06:00:01 - PHP Warning:  mkdir(): No such file or directory in /var/www/html/admin/controller/common/security.php on line 283
2025-07-25 06:00:01 - PHP Warning:  copy(/var/www/storage/cache/template/b7/b7ed8b756ce50986499a9fd0d75cef42.php): Failed to open stream: No such file or directory in /var/www/html/admin/controller/common/security.php on line 288
2025-07-25 06:00:01 - PHP Warning:  mkdir(): No such file or directory in /var/www/html/admin/controller/common/security.php on line 283
2025-07-25 06:00:01 - PHP Warning:  mkdir(): No such file or directory in /var/www/html/admin/controller/common/security.php on line 283
2025-07-25 06:00:01 - PHP Warning:  mkdir(): No such file or directory in /var/www/html/admin/controller/common/security.php on line 283
2025-07-25 06:00:01 - PHP Warning:  copy(/var/www/storage/cache/template/b8/b841b20a80ba2c87f7496e162a5d6b88.php): Failed to open stream: No such file or directory in /var/www/html/admin/controller/common/security.php on line 288
2025-07-25 06:00:01 - PHP Warning:  mkdir(): No such file or directory in /var/www/html/admin/controller/common/security.php on line 283
2025-07-25 06:00:01 - PHP Warning:  mkdir(): No such file or directory in /var/www/html/admin/controller/common/security.php on line 283
2025-07-25 06:00:01 - PHP Warning:  mkdir(): No such file or directory in /var/www/html/admin/controller/common/security.php on line 283
2025-07-25 06:00:01 - PHP Warning:  copy(/var/www/storage/cache/template/bc/bc869d39e73f2956c0e867eb92902a64.php): Failed to open stream: No such file or directory in /var/www/html/admin/controller/common/security.php on line 288
2025-07-25 06:00:01 - PHP Warning:  mkdir(): No such file or directory in /var/www/html/admin/controller/common/security.php on line 283
2025-07-25 06:00:01 - PHP Warning:  mkdir(): No such file or directory in /var/www/html/admin/controller/common/security.php on line 283
2025-07-25 06:00:01 - PHP Warning:  mkdir(): No such file or directory in /var/www/html/admin/controller/common/security.php on line 283
2025-07-25 06:00:01 - PHP Warning:  copy(/var/www/storage/cache/template/bd/bdb5aa93b5b495d7980da5353b7b3bf3.php): Failed to open stream: No such file or directory in /var/www/html/admin/controller/common/security.php on line 288
2025-07-25 06:00:01 - PHP Warning:  mkdir(): No such file or directory in /var/www/html/admin/controller/common/security.php on line 283
2025-07-25 06:00:01 - PHP Warning:  mkdir(): No such file or directory in /var/www/html/admin/controller/common/security.php on line 283
2025-07-25 06:00:01 - PHP Warning:  mkdir(): No such file or directory in /var/www/html/admin/controller/common/security.php on line 283
2025-07-25 06:00:01 - PHP Warning:  copy(/var/www/storage/cache/template/c0/c007fdbb2b176dc9e330862f8b9f83d9.php): Failed to open stream: No such file or directory in /var/www/html/admin/controller/common/security.php on line 288
2025-07-25 06:00:01 - PHP Warning:  mkdir(): No such file or directory in /var/www/html/admin/controller/common/security.php on line 283
2025-07-25 06:00:01 - PHP Warning:  mkdir(): No such file or directory in /var/www/html/admin/controller/common/security.php on line 283
2025-07-25 06:00:01 - PHP Warning:  mkdir(): No such file or directory in /var/www/html/admin/controller/common/security.php on line 283
2025-07-25 06:00:01 - PHP Warning:  copy(/var/www/storage/cache/template/c0/c06a2d73e150ce15caceeca29d36b735.php): Failed to open stream: No such file or directory in /var/www/html/admin/controller/common/security.php on line 288
2025-07-25 06:00:01 - PHP Warning:  mkdir(): No such file or directory in /var/www/html/admin/controller/common/security.php on line 283
2025-07-25 06:00:01 - PHP Warning:  mkdir(): No such file or directory in /var/www/html/admin/controller/common/security.php on line 283
2025-07-25 06:00:01 - PHP Warning:  mkdir(): No such file or directory in /var/www/html/admin/controller/common/security.php on line 283
2025-07-25 06:00:01 - PHP Warning:  copy(/var/www/storage/cache/template/d0/d068a1b44368184a1379aa6827ff461b.php): Failed to open stream: No such file or directory in /var/www/html/admin/controller/common/security.php on line 288
2025-07-25 06:00:01 - PHP Warning:  mkdir(): No such file or directory in /var/www/html/admin/controller/common/security.php on line 283
2025-07-25 06:00:01 - PHP Warning:  mkdir(): No such file or directory in /var/www/html/admin/controller/common/security.php on line 283
2025-07-25 06:00:01 - PHP Warning:  mkdir(): No such file or directory in /var/www/html/admin/controller/common/security.php on line 283
2025-07-25 06:00:01 - PHP Warning:  copy(/var/www/storage/cache/template/d2/d252b07f86c47da6f521ec5f0b1b9501.php): Failed to open stream: No such file or directory in /var/www/html/admin/controller/common/security.php on line 288
2025-07-25 06:00:01 - PHP Warning:  mkdir(): No such file or directory in /var/www/html/admin/controller/common/security.php on line 283
2025-07-25 06:00:01 - PHP Warning:  mkdir(): No such file or directory in /var/www/html/admin/controller/common/security.php on line 283
2025-07-25 06:00:01 - PHP Warning:  mkdir(): No such file or directory in /var/www/html/admin/controller/common/security.php on line 283
2025-07-25 06:00:01 - PHP Warning:  copy(/var/www/storage/cache/template/d4/d429b4ff7812be9ea1678f7c81ba3e0f.php): Failed to open stream: No such file or directory in /var/www/html/admin/controller/common/security.php on line 288
2025-07-25 06:00:01 - PHP Warning:  mkdir(): No such file or directory in /var/www/html/admin/controller/common/security.php on line 283
2025-07-25 06:00:01 - PHP Warning:  mkdir(): No such file or directory in /var/www/html/admin/controller/common/security.php on line 283
2025-07-25 06:00:01 - PHP Warning:  mkdir(): No such file or directory in /var/www/html/admin/controller/common/security.php on line 283
2025-07-25 06:00:01 - PHP Warning:  copy(/var/www/storage/cache/template/d5/d5993e3497249ff227830c1819d14c5e.php): Failed to open stream: No such file or directory in /var/www/html/admin/controller/common/security.php on line 288
2025-07-25 06:00:01 - PHP Warning:  mkdir(): No such file or directory in /var/www/html/admin/controller/common/security.php on line 283
2025-07-25 06:00:01 - PHP Warning:  mkdir(): No such file or directory in /var/www/html/admin/controller/common/security.php on line 283
2025-07-25 06:00:01 - PHP Warning:  mkdir(): No such file or directory in /var/www/html/admin/controller/common/security.php on line 283
2025-07-25 06:00:01 - PHP Warning:  copy(/var/www/storage/cache/template/e2/e2bf097286ff859413c5267f1bc9e21b.php): Failed to open stream: No such file or directory in /var/www/html/admin/controller/common/security.php on line 288
2025-07-25 06:00:01 - PHP Warning:  mkdir(): No such file or directory in /var/www/html/admin/controller/common/security.php on line 283
2025-07-25 06:00:01 - PHP Warning:  mkdir(): No such file or directory in /var/www/html/admin/controller/common/security.php on line 283
2025-07-25 06:00:01 - PHP Warning:  mkdir(): No such file or directory in /var/www/html/admin/controller/common/security.php on line 283
2025-07-25 06:00:01 - PHP Warning:  copy(/var/www/storage/cache/template/e3/e3e153d0d8da340605927a9b3a1783f0.php): Failed to open stream: No such file or directory in /var/www/html/admin/controller/common/security.php on line 288
2025-07-25 06:00:01 - PHP Warning:  mkdir(): No such file or directory in /var/www/html/admin/controller/common/security.php on line 283
2025-07-25 06:00:01 - PHP Warning:  mkdir(): No such file or directory in /var/www/html/admin/controller/common/security.php on line 283
2025-07-25 06:00:01 - PHP Warning:  mkdir(): No such file or directory in /var/www/html/admin/controller/common/security.php on line 283
2025-07-25 06:00:01 - PHP Warning:  copy(/var/www/storage/cache/template/e4/e4366eee8962da847859c85d2f000c0e.php): Failed to open stream: No such file or directory in /var/www/html/admin/controller/common/security.php on line 288
2025-07-25 06:00:01 - PHP Warning:  mkdir(): No such file or directory in /var/www/html/admin/controller/common/security.php on line 283
2025-07-25 06:00:01 - PHP Warning:  mkdir(): No such file or directory in /var/www/html/admin/controller/common/security.php on line 283
2025-07-25 06:00:01 - PHP Warning:  mkdir(): No such file or directory in /var/www/html/admin/controller/common/security.php on line 283
2025-07-25 06:00:01 - PHP Warning:  copy(/var/www/storage/cache/template/e7/e749414337433d56c67e7f00093b8253.php): Failed to open stream: No such file or directory in /var/www/html/admin/controller/common/security.php on line 288
2025-07-25 06:00:01 - PHP Warning:  mkdir(): No such file or directory in /var/www/html/admin/controller/common/security.php on line 283
2025-07-25 06:00:01 - PHP Warning:  mkdir(): No such file or directory in /var/www/html/admin/controller/common/security.php on line 283
2025-07-25 06:00:01 - PHP Warning:  mkdir(): No such file or directory in /var/www/html/admin/controller/common/security.php on line 283
2025-07-25 06:00:01 - PHP Warning:  copy(/var/www/storage/cache/template/ee/ee7ac4f08742852205d50558d83b29b2.php): Failed to open stream: No such file or directory in /var/www/html/admin/controller/common/security.php on line 288
2025-07-25 06:00:01 - PHP Warning:  mkdir(): No such file or directory in /var/www/html/admin/controller/common/security.php on line 283
2025-07-25 06:00:01 - PHP Warning:  mkdir(): No such file or directory in /var/www/html/admin/controller/common/security.php on line 283
2025-07-25 06:00:01 - PHP Warning:  mkdir(): No such file or directory in /var/www/html/admin/controller/common/security.php on line 283
2025-07-25 06:00:01 - PHP Warning:  copy(/var/www/storage/cache/template/ef/ef5579eac3f0305026ff8cad84c3773b.php): Failed to open stream: No such file or directory in /var/www/html/admin/controller/common/security.php on line 288
2025-07-25 06:00:01 - PHP Warning:  mkdir(): No such file or directory in /var/www/html/admin/controller/common/security.php on line 283
2025-07-25 06:00:01 - PHP Warning:  mkdir(): No such file or directory in /var/www/html/admin/controller/common/security.php on line 283
2025-07-25 06:00:01 - PHP Warning:  mkdir(): No such file or directory in /var/www/html/admin/controller/common/security.php on line 283
2025-07-25 06:00:01 - PHP Warning:  copy(/var/www/storage/vendor/aws/aws-crt-php/CODE_OF_CONDUCT.md): Failed to open stream: No such file or directory in /var/www/html/admin/controller/common/security.php on line 288
2025-07-25 06:00:01 - PHP Warning:  mkdir(): No such file or directory in /var/www/html/admin/controller/common/security.php on line 283
2025-07-25 06:00:01 - PHP Warning:  mkdir(): No such file or directory in /var/www/html/admin/controller/common/security.php on line 283
2025-07-25 06:00:01 - PHP Warning:  mkdir(): No such file or directory in /var/www/html/admin/controller/common/security.php on line 283
2025-07-25 06:00:01 - PHP Warning:  copy(/var/www/storage/vendor/aws/aws-crt-php/LICENSE): Failed to open stream: No such file or directory in /var/www/html/admin/controller/common/security.php on line 288
2025-07-25 06:00:01 - PHP Warning:  mkdir(): No such file or directory in /var/www/html/admin/controller/common/security.php on line 283
2025-07-25 06:00:01 - PHP Warning:  mkdir(): No such file or directory in /var/www/html/admin/controller/common/security.php on line 283
2025-07-25 06:00:01 - PHP Warning:  mkdir(): No such file or directory in /var/www/html/admin/controller/common/security.php on line 283
2025-07-25 06:00:01 - PHP Warning:  copy(/var/www/storage/vendor/aws/aws-crt-php/NOTICE): Failed to open stream: No such file or directory in /var/www/html/admin/controller/common/security.php on line 288
2025-07-25 06:00:01 - PHP Warning:  mkdir(): No such file or directory in /var/www/html/admin/controller/common/security.php on line 283
2025-07-25 06:00:01 - PHP Warning:  mkdir(): No such file or directory in /var/www/html/admin/controller/common/security.php on line 283
2025-07-25 06:00:01 - PHP Warning:  mkdir(): No such file or directory in /var/www/html/admin/controller/common/security.php on line 283
2025-07-25 06:00:01 - PHP Warning:  copy(/var/www/storage/vendor/aws/aws-crt-php/README.md): Failed to open stream: No such file or directory in /var/www/html/admin/controller/common/security.php on line 288
2025-07-25 06:00:01 - PHP Warning:  mkdir(): No such file or directory in /var/www/html/admin/controller/common/security.php on line 283
2025-07-25 06:00:01 - PHP Warning:  mkdir(): No such file or directory in /var/www/html/admin/controller/common/security.php on line 283
2025-07-25 06:00:01 - PHP Warning:  mkdir(): No such file or directory in /var/www/html/admin/controller/common/security.php on line 283
2025-07-25 06:00:01 - PHP Warning:  copy(/var/www/storage/vendor/aws/aws-crt-php/composer.json): Failed to open stream: No such file or directory in /var/www/html/admin/controller/common/security.php on line 288
2025-07-25 06:00:01 - PHP Warning:  mkdir(): No such file or directory in /var/www/html/admin/controller/common/security.php on line 283
2025-07-25 06:00:01 - PHP Warning:  mkdir(): No such file or directory in /var/www/html/admin/controller/common/security.php on line 283
2025-07-25 06:00:01 - PHP Warning:  mkdir(): No such file or directory in /var/www/html/admin/controller/common/security.php on line 283
2025-07-25 06:00:01 - PHP Warning:  copy(/var/www/storage/vendor/aws/aws-crt-php/format-check.py): Failed to open stream: No such file or directory in /var/www/html/admin/controller/common/security.php on line 288
2025-07-25 06:00:01 - PHP Warning:  mkdir(): No such file or directory in /var/www/html/admin/controller/common/security.php on line 283
2025-07-25 06:00:01 - PHP Warning:  mkdir(): No such file or directory in /var/www/html/admin/controller/common/security.php on line 283
2025-07-25 06:00:01 - PHP Warning:  mkdir(): No such file or directory in /var/www/html/admin/controller/common/security.php on line 283
2025-07-25 06:00:01 - PHP Warning:  mkdir(): No such file or directory in /var/www/html/admin/controller/common/security.php on line 283
2025-07-25 06:00:01 - PHP Warning:  mkdir(): No such file or directory in /var/www/html/admin/controller/common/security.php on line 283
2025-07-25 06:00:01 - PHP Warning:  mkdir(): No such file or directory in /var/www/html/admin/controller/common/security.php on line 283
2025-07-25 06:00:01 - PHP Warning:  copy(/var/www/storage/vendor/aws/aws-sdk-php/CODE_OF_CONDUCT.md): Failed to open stream: No such file or directory in /var/www/html/admin/controller/common/security.php on line 288
2025-07-25 06:00:01 - PHP Warning:  mkdir(): No such file or directory in /var/www/html/admin/controller/common/security.php on line 283
2025-07-25 06:00:01 - PHP Warning:  mkdir(): No such file or directory in /var/www/html/admin/controller/common/security.php on line 283
2025-07-25 06:00:01 - PHP Warning:  mkdir(): No such file or directory in /var/www/html/admin/controller/common/security.php on line 283
2025-07-25 06:00:01 - PHP Warning:  copy(/var/www/storage/vendor/aws/aws-sdk-php/CRT_INSTRUCTIONS.md): Failed to open stream: No such file or directory in /var/www/html/admin/controller/common/security.php on line 288
2025-07-25 06:00:01 - PHP Warning:  mkdir(): No such file or directory in /var/www/html/admin/controller/common/security.php on line 283
2025-07-25 06:00:01 - PHP Warning:  mkdir(): No such file or directory in /var/www/html/admin/controller/common/security.php on line 283
2025-07-25 06:00:01 - PHP Warning:  mkdir(): No such file or directory in /var/www/html/admin/controller/common/security.php on line 283
2025-07-25 06:00:01 - PHP Warning:  copy(/var/www/storage/vendor/aws/aws-sdk-php/LICENSE): Failed to open stream: No such file or directory in /var/www/html/admin/controller/common/security.php on line 288
2025-07-25 06:00:01 - PHP Warning:  mkdir(): No such file or directory in /var/www/html/admin/controller/common/security.php on line 283
2025-07-25 06:00:01 - PHP Warning:  mkdir(): No such file or directory in /var/www/html/admin/controller/common/security.php on line 283
2025-07-25 06:00:01 - PHP Warning:  mkdir(): No such file or directory in /var/www/html/admin/controller/common/security.php on line 283
2025-07-25 06:00:01 - PHP Warning:  copy(/var/www/storage/vendor/aws/aws-sdk-php/NOTICE): Failed to open stream: No such file or directory in /var/www/html/admin/controller/common/security.php on line 288
2025-07-25 06:00:01 - PHP Warning:  mkdir(): No such file or directory in /var/www/html/admin/controller/common/security.php on line 283
2025-07-25 06:00:01 - PHP Warning:  mkdir(): No such file or directory in /var/www/html/admin/controller/common/security.php on line 283
2025-07-25 06:00:01 - PHP Warning:  mkdir(): No such file or directory in /var/www/html/admin/controller/common/security.php on line 283
2025-07-25 06:00:01 - PHP Warning:  copy(/var/www/storage/vendor/aws/aws-sdk-php/THIRD-PARTY-LICENSES): Failed to open stream: No such file or directory in /var/www/html/admin/controller/common/security.php on line 288
2025-07-25 06:00:01 - PHP Warning:  mkdir(): No such file or directory in /var/www/html/admin/controller/common/security.php on line 283
2025-07-25 06:00:01 - PHP Warning:  mkdir(): No such file or directory in /var/www/html/admin/controller/common/security.php on line 283
2025-07-25 06:00:01 - PHP Warning:  mkdir(): No such file or directory in /var/www/html/admin/controller/common/security.php on line 283
2025-07-25 06:00:01 - PHP Warning:  copy(/var/www/storage/vendor/aws/aws-sdk-php/composer.json): Failed to open stream: No such file or directory in /var/www/html/admin/controller/common/security.php on line 288
2025-07-25 06:00:01 - PHP Warning:  mkdir(): No such file or directory in /var/www/html/admin/controller/common/security.php on line 283
2025-07-25 06:00:01 - PHP Warning:  mkdir(): No such file or directory in /var/www/html/admin/controller/common/security.php on line 283
2025-07-25 06:00:01 - PHP Warning:  mkdir(): No such file or directory in /var/www/html/admin/controller/common/security.php on line 283
2025-07-25 06:00:01 - PHP Warning:  mkdir(): No such file or directory in /var/www/html/admin/controller/common/security.php on line 283
2025-07-25 06:00:01 - PHP Warning:  mkdir(): No such file or directory in /var/www/html/admin/controller/common/security.php on line 283
2025-07-25 06:00:01 - PHP Warning:  mkdir(): No such file or directory in /var/www/html/admin/controller/common/security.php on line 283
2025-07-25 06:00:01 - PHP Warning:  copy(/var/www/storage/vendor/guzzlehttp/guzzle/CHANGELOG.md): Failed to open stream: No such file or directory in /var/www/html/admin/controller/common/security.php on line 288
2025-07-25 06:00:01 - PHP Warning:  mkdir(): No such file or directory in /var/www/html/admin/controller/common/security.php on line 283
2025-07-25 06:00:01 - PHP Warning:  mkdir(): No such file or directory in /var/www/html/admin/controller/common/security.php on line 283
2025-07-25 06:00:01 - PHP Warning:  mkdir(): No such file or directory in /var/www/html/admin/controller/common/security.php on line 283
2025-07-25 06:00:01 - PHP Warning:  copy(/var/www/storage/vendor/guzzlehttp/guzzle/LICENSE): Failed to open stream: No such file or directory in /var/www/html/admin/controller/common/security.php on line 288
2025-07-25 06:00:01 - PHP Warning:  mkdir(): No such file or directory in /var/www/html/admin/controller/common/security.php on line 283
2025-07-25 06:00:01 - PHP Warning:  mkdir(): No such file or directory in /var/www/html/admin/controller/common/security.php on line 283
2025-07-25 06:00:01 - PHP Warning:  mkdir(): No such file or directory in /var/www/html/admin/controller/common/security.php on line 283
2025-07-25 06:00:01 - PHP Warning:  copy(/var/www/storage/vendor/guzzlehttp/guzzle/README.md): Failed to open stream: No such file or directory in /var/www/html/admin/controller/common/security.php on line 288
2025-07-25 06:00:01 - PHP Warning:  mkdir(): No such file or directory in /var/www/html/admin/controller/common/security.php on line 283
2025-07-25 06:00:01 - PHP Warning:  mkdir(): No such file or directory in /var/www/html/admin/controller/common/security.php on line 283
2025-07-25 06:00:01 - PHP Warning:  mkdir(): No such file or directory in /var/www/html/admin/controller/common/security.php on line 283
2025-07-25 06:00:01 - PHP Warning:  copy(/var/www/storage/vendor/guzzlehttp/guzzle/UPGRADING.md): Failed to open stream: No such file or directory in /var/www/html/admin/controller/common/security.php on line 288
2025-07-25 06:00:01 - PHP Warning:  mkdir(): No such file or directory in /var/www/html/admin/controller/common/security.php on line 283
2025-07-25 06:00:01 - PHP Warning:  mkdir(): No such file or directory in /var/www/html/admin/controller/common/security.php on line 283
2025-07-25 06:00:01 - PHP Warning:  mkdir(): No such file or directory in /var/www/html/admin/controller/common/security.php on line 283
2025-07-25 06:00:01 - PHP Warning:  copy(/var/www/storage/vendor/guzzlehttp/guzzle/composer.json): Failed to open stream: No such file or directory in /var/www/html/admin/controller/common/security.php on line 288
2025-07-25 06:00:01 - PHP Warning:  mkdir(): No such file or directory in /var/www/html/admin/controller/common/security.php on line 283
2025-07-25 06:00:01 - PHP Warning:  mkdir(): No such file or directory in /var/www/html/admin/controller/common/security.php on line 283
2025-07-25 06:00:01 - PHP Warning:  mkdir(): No such file or directory in /var/www/html/admin/controller/common/security.php on line 283
2025-07-25 06:00:01 - PHP Warning:  mkdir(): No such file or directory in /var/www/html/admin/controller/common/security.php on line 283
2025-07-25 06:00:01 - PHP Warning:  mkdir(): No such file or directory in /var/www/html/admin/controller/common/security.php on line 283
2025-07-25 06:00:01 - PHP Warning:  mkdir(): No such file or directory in /var/www/html/admin/controller/common/security.php on line 283
2025-07-25 06:00:01 - PHP Warning:  copy(/var/www/storage/vendor/guzzlehttp/promises/CHANGELOG.md): Failed to open stream: No such file or directory in /var/www/html/admin/controller/common/security.php on line 288
2025-07-25 06:00:01 - PHP Warning:  mkdir(): No such file or directory in /var/www/html/admin/controller/common/security.php on line 283
2025-07-25 06:00:01 - PHP Warning:  mkdir(): No such file or directory in /var/www/html/admin/controller/common/security.php on line 283
2025-07-25 06:00:02 - PHP Warning:  mkdir(): No such file or directory in /var/www/html/admin/controller/common/security.php on line 283
2025-07-25 06:00:02 - PHP Warning:  copy(/var/www/storage/vendor/guzzlehttp/promises/LICENSE): Failed to open stream: No such file or directory in /var/www/html/admin/controller/common/security.php on line 288
2025-07-25 06:00:02 - PHP Warning:  mkdir(): No such file or directory in /var/www/html/admin/controller/common/security.php on line 283
2025-07-25 06:00:02 - PHP Warning:  mkdir(): No such file or directory in /var/www/html/admin/controller/common/security.php on line 283
2025-07-25 06:00:02 - PHP Warning:  mkdir(): No such file or directory in /var/www/html/admin/controller/common/security.php on line 283
2025-07-25 06:00:02 - PHP Warning:  copy(/var/www/storage/vendor/guzzlehttp/promises/README.md): Failed to open stream: No such file or directory in /var/www/html/admin/controller/common/security.php on line 288
2025-07-25 06:00:02 - PHP Warning:  mkdir(): No such file or directory in /var/www/html/admin/controller/common/security.php on line 283
2025-07-25 06:00:02 - PHP Warning:  mkdir(): No such file or directory in /var/www/html/admin/controller/common/security.php on line 283
2025-07-25 06:00:02 - PHP Warning:  mkdir(): No such file or directory in /var/www/html/admin/controller/common/security.php on line 283
2025-07-25 06:00:02 - PHP Warning:  copy(/var/www/storage/vendor/guzzlehttp/promises/composer.json): Failed to open stream: No such file or directory in /var/www/html/admin/controller/common/security.php on line 288
2025-07-25 06:00:02 - PHP Warning:  mkdir(): No such file or directory in /var/www/html/admin/controller/common/security.php on line 283
2025-07-25 06:00:02 - PHP Warning:  mkdir(): No such file or directory in /var/www/html/admin/controller/common/security.php on line 283
2025-07-25 06:00:02 - PHP Warning:  mkdir(): No such file or directory in /var/www/html/admin/controller/common/security.php on line 283
2025-07-25 06:00:02 - PHP Warning:  mkdir(): No such file or directory in /var/www/html/admin/controller/common/security.php on line 283
2025-07-25 06:00:02 - PHP Warning:  mkdir(): No such file or directory in /var/www/html/admin/controller/common/security.php on line 283
2025-07-25 06:00:02 - PHP Warning:  mkdir(): No such file or directory in /var/www/html/admin/controller/common/security.php on line 283
2025-07-25 06:00:02 - PHP Warning:  copy(/var/www/storage/vendor/guzzlehttp/psr7/CHANGELOG.md): Failed to open stream: No such file or directory in /var/www/html/admin/controller/common/security.php on line 288
2025-07-25 06:00:02 - PHP Warning:  mkdir(): No such file or directory in /var/www/html/admin/controller/common/security.php on line 283
2025-07-25 06:00:02 - PHP Warning:  mkdir(): No such file or directory in /var/www/html/admin/controller/common/security.php on line 283
2025-07-25 06:00:02 - PHP Warning:  mkdir(): No such file or directory in /var/www/html/admin/controller/common/security.php on line 283
2025-07-25 06:00:02 - PHP Warning:  copy(/var/www/storage/vendor/guzzlehttp/psr7/LICENSE): Failed to open stream: No such file or directory in /var/www/html/admin/controller/common/security.php on line 288
2025-07-25 06:00:02 - PHP Warning:  mkdir(): No such file or directory in /var/www/html/admin/controller/common/security.php on line 283
2025-07-25 06:00:02 - PHP Warning:  mkdir(): No such file or directory in /var/www/html/admin/controller/common/security.php on line 283
2025-07-25 06:00:02 - PHP Warning:  mkdir(): No such file or directory in /var/www/html/admin/controller/common/security.php on line 283
2025-07-25 06:00:02 - PHP Warning:  copy(/var/www/storage/vendor/guzzlehttp/psr7/README.md): Failed to open stream: No such file or directory in /var/www/html/admin/controller/common/security.php on line 288
2025-07-25 06:00:02 - PHP Warning:  mkdir(): No such file or directory in /var/www/html/admin/controller/common/security.php on line 283
2025-07-25 06:00:02 - PHP Warning:  mkdir(): No such file or directory in /var/www/html/admin/controller/common/security.php on line 283
2025-07-25 06:00:02 - PHP Warning:  mkdir(): No such file or directory in /var/www/html/admin/controller/common/security.php on line 283
2025-07-25 06:00:02 - PHP Warning:  copy(/var/www/storage/vendor/guzzlehttp/psr7/composer.json): Failed to open stream: No such file or directory in /var/www/html/admin/controller/common/security.php on line 288
2025-07-25 06:00:02 - PHP Warning:  mkdir(): No such file or directory in /var/www/html/admin/controller/common/security.php on line 283
2025-07-25 06:00:02 - PHP Warning:  mkdir(): No such file or directory in /var/www/html/admin/controller/common/security.php on line 283
2025-07-25 06:00:02 - PHP Warning:  mkdir(): No such file or directory in /var/www/html/admin/controller/common/security.php on line 283
2025-07-25 06:00:02 - PHP Warning:  mkdir(): No such file or directory in /var/www/html/admin/controller/common/security.php on line 283
2025-07-25 06:00:02 - PHP Warning:  mkdir(): No such file or directory in /var/www/html/admin/controller/common/security.php on line 283
2025-07-25 06:00:02 - PHP Warning:  mkdir(): No such file or directory in /var/www/html/admin/controller/common/security.php on line 283
2025-07-25 06:00:02 - PHP Warning:  copy(/var/www/storage/vendor/mtdowling/jmespath.php/CHANGELOG.md): Failed to open stream: No such file or directory in /var/www/html/admin/controller/common/security.php on line 288
2025-07-25 06:00:02 - PHP Warning:  mkdir(): No such file or directory in /var/www/html/admin/controller/common/security.php on line 283
2025-07-25 06:00:02 - PHP Warning:  mkdir(): No such file or directory in /var/www/html/admin/controller/common/security.php on line 283
2025-07-25 06:00:02 - PHP Warning:  mkdir(): No such file or directory in /var/www/html/admin/controller/common/security.php on line 283
2025-07-25 06:00:02 - PHP Warning:  copy(/var/www/storage/vendor/mtdowling/jmespath.php/LICENSE): Failed to open stream: No such file or directory in /var/www/html/admin/controller/common/security.php on line 288
2025-07-25 06:00:02 - PHP Warning:  mkdir(): No such file or directory in /var/www/html/admin/controller/common/security.php on line 283
2025-07-25 06:00:02 - PHP Warning:  mkdir(): No such file or directory in /var/www/html/admin/controller/common/security.php on line 283
2025-07-25 06:00:02 - PHP Warning:  mkdir(): No such file or directory in /var/www/html/admin/controller/common/security.php on line 283
2025-07-25 06:00:02 - PHP Warning:  copy(/var/www/storage/vendor/mtdowling/jmespath.php/README.rst): Failed to open stream: No such file or directory in /var/www/html/admin/controller/common/security.php on line 288
2025-07-25 06:00:02 - PHP Warning:  mkdir(): No such file or directory in /var/www/html/admin/controller/common/security.php on line 283
2025-07-25 06:00:02 - PHP Warning:  mkdir(): No such file or directory in /var/www/html/admin/controller/common/security.php on line 283
2025-07-25 06:00:02 - PHP Warning:  mkdir(): No such file or directory in /var/www/html/admin/controller/common/security.php on line 283
2025-07-25 06:00:02 - PHP Warning:  mkdir(): No such file or directory in /var/www/html/admin/controller/common/security.php on line 283
2025-07-25 06:00:02 - PHP Warning:  mkdir(): No such file or directory in /var/www/html/admin/controller/common/security.php on line 283
2025-07-25 06:00:02 - PHP Warning:  mkdir(): No such file or directory in /var/www/html/admin/controller/common/security.php on line 283
2025-07-25 06:00:02 - PHP Warning:  copy(/var/www/storage/vendor/mtdowling/jmespath.php/composer.json): Failed to open stream: No such file or directory in /var/www/html/admin/controller/common/security.php on line 288
2025-07-25 06:00:02 - PHP Warning:  mkdir(): No such file or directory in /var/www/html/admin/controller/common/security.php on line 283
2025-07-25 06:00:02 - PHP Warning:  mkdir(): No such file or directory in /var/www/html/admin/controller/common/security.php on line 283
2025-07-25 06:00:02 - PHP Warning:  mkdir(): No such file or directory in /var/www/html/admin/controller/common/security.php on line 283
2025-07-25 06:00:02 - PHP Warning:  mkdir(): No such file or directory in /var/www/html/admin/controller/common/security.php on line 283
2025-07-25 06:00:02 - PHP Warning:  mkdir(): No such file or directory in /var/www/html/admin/controller/common/security.php on line 283
2025-07-25 06:00:02 - PHP Warning:  mkdir(): No such file or directory in /var/www/html/admin/controller/common/security.php on line 283
2025-07-25 06:00:02 - PHP Warning:  copy(/var/www/storage/vendor/psr/http-client/CHANGELOG.md): Failed to open stream: No such file or directory in /var/www/html/admin/controller/common/security.php on line 288
2025-07-25 06:00:02 - PHP Warning:  mkdir(): No such file or directory in /var/www/html/admin/controller/common/security.php on line 283
2025-07-25 06:00:02 - PHP Warning:  mkdir(): No such file or directory in /var/www/html/admin/controller/common/security.php on line 283
2025-07-25 06:00:02 - PHP Warning:  mkdir(): No such file or directory in /var/www/html/admin/controller/common/security.php on line 283
2025-07-25 06:00:02 - PHP Warning:  copy(/var/www/storage/vendor/psr/http-client/LICENSE): Failed to open stream: No such file or directory in /var/www/html/admin/controller/common/security.php on line 288
2025-07-25 06:00:02 - PHP Warning:  mkdir(): No such file or directory in /var/www/html/admin/controller/common/security.php on line 283
2025-07-25 06:00:02 - PHP Warning:  mkdir(): No such file or directory in /var/www/html/admin/controller/common/security.php on line 283
2025-07-25 06:00:02 - PHP Warning:  mkdir(): No such file or directory in /var/www/html/admin/controller/common/security.php on line 283
2025-07-25 06:00:02 - PHP Warning:  copy(/var/www/storage/vendor/psr/http-client/README.md): Failed to open stream: No such file or directory in /var/www/html/admin/controller/common/security.php on line 288
2025-07-25 06:00:02 - PHP Warning:  mkdir(): No such file or directory in /var/www/html/admin/controller/common/security.php on line 283
2025-07-25 06:00:02 - PHP Warning:  mkdir(): No such file or directory in /var/www/html/admin/controller/common/security.php on line 283
2025-07-25 06:00:02 - PHP Warning:  mkdir(): No such file or directory in /var/www/html/admin/controller/common/security.php on line 283
2025-07-25 06:00:02 - PHP Warning:  copy(/var/www/storage/vendor/psr/http-client/composer.json): Failed to open stream: No such file or directory in /var/www/html/admin/controller/common/security.php on line 288
2025-07-25 06:00:02 - PHP Warning:  mkdir(): No such file or directory in /var/www/html/admin/controller/common/security.php on line 283
2025-07-25 06:00:02 - PHP Warning:  mkdir(): No such file or directory in /var/www/html/admin/controller/common/security.php on line 283
2025-07-25 06:00:02 - PHP Warning:  mkdir(): No such file or directory in /var/www/html/admin/controller/common/security.php on line 283
2025-07-26 04:19:41 - PHP Warning:  chmod(): Operation not permitted in /var/www/html/system/storage/vendor/twig/twig/src/Cache/FilesystemCache.php on line 62
2025-07-26 04:19:41 - PHP Warning:  chmod(): Operation not permitted in /var/www/html/system/storage/vendor/twig/twig/src/Cache/FilesystemCache.php on line 62
2025-07-26 04:19:42 - PHP Warning:  chmod(): Operation not permitted in /var/www/html/system/storage/vendor/twig/twig/src/Cache/FilesystemCache.php on line 62
2025-07-26 04:19:43 - PHP Warning:  chmod(): Operation not permitted in /var/www/html/system/storage/vendor/twig/twig/src/Cache/FilesystemCache.php on line 62
2025-07-26 04:21:49 - PHP Warning:  chmod(): Operation not permitted in /var/www/html/system/storage/vendor/twig/twig/src/Cache/FilesystemCache.php on line 62
2025-07-26 04:21:49 - PHP Warning:  chmod(): Operation not permitted in /var/www/html/system/storage/vendor/twig/twig/src/Cache/FilesystemCache.php on line 62
2025-07-26 04:21:49 - PHP Warning:  chmod(): Operation not permitted in /var/www/html/system/storage/vendor/twig/twig/src/Cache/FilesystemCache.php on line 62
2025-07-26 04:21:50 - PHP Warning:  chmod(): Operation not permitted in /var/www/html/system/storage/vendor/twig/twig/src/Cache/FilesystemCache.php on line 62
